This is pdfTeX, Version 3.141592653-2.6-1.40.24 (MiKTeX 22.10) (preloaded format=pdflatex 2024.8.21)  29 AUG 2024 01:46
entering extended mode
 restricted \write18 enabled.
 file:line:error style messages enabled.
 %&-line parsing enabled.
**c:/Users/georg/phdcomp/comp.tex
(c:/Users/georg/phdcomp/comp.tex
LaTeX2e <2024-06-01> patch level 2
L3 programming layer <2024-07-20>
(C:\Users\georg\AppData\Roaming\MiKTeX\2.9\tex/latex/beamer\beamer.cls
Document Class: beamer 2024/01/06 v3.71 A class for typesetting presentations
(C:\Users\georg\AppData\Roaming\MiKTeX\2.9\tex/latex/beamer\beamerbasemodes.sty (C:\Users\georg\AppData\Roaming\MiKTeX\2.9\tex/latex/etoolbox\etoolbox.sty
Package: etoolbox 2020/10/05 v2.5k e-TeX tools for LaTeX (JAW)
\etb@tempcnta=\count194
)
\beamer@tempbox=\box52
\beamer@tempcount=\count195
\c@beamerpauses=\count196
 (C:\Users\georg\AppData\Roaming\MiKTeX\2.9\tex/latex/beamer\beamerbasedecode.sty
\beamer@slideinframe=\count197
\beamer@minimum=\count198
\beamer@decode@box=\box53
)
\beamer@commentbox=\box54
\beamer@modecount=\count199
) (C:\Users\georg\AppData\Roaming\MiKTeX\2.9\tex/generic/iftex\iftex.sty
Package: iftex 2022/02/03 v1.0f TeX engine tests
)
\headdp=\dimen141
\footheight=\dimen142
\sidebarheight=\dimen143
\beamer@tempdim=\dimen144
\beamer@finalheight=\dimen145
\beamer@animht=\dimen146
\beamer@animdp=\dimen147
\beamer@animwd=\dimen148
\beamer@leftmargin=\dimen149
\beamer@rightmargin=\dimen150
\beamer@leftsidebar=\dimen151
\beamer@rightsidebar=\dimen152
\beamer@boxsize=\dimen153
\beamer@vboxoffset=\dimen154
\beamer@descdefault=\dimen155
\beamer@descriptionwidth=\dimen156
\beamer@lastskip=\skip49
\beamer@areabox=\box55
\beamer@animcurrent=\box56
\beamer@animshowbox=\box57
\beamer@sectionbox=\box58
\beamer@logobox=\box59
\beamer@linebox=\box60
\beamer@sectioncount=\count266
\beamer@subsubsectionmax=\count267
\beamer@subsectionmax=\count268
\beamer@sectionmax=\count269
\beamer@totalheads=\count270
\beamer@headcounter=\count271
\beamer@partstartpage=\count272
\beamer@sectionstartpage=\count273
\beamer@subsectionstartpage=\count274
\beamer@animationtempa=\count275
\beamer@animationtempb=\count276
\beamer@xpos=\count277
\beamer@ypos=\count278
\beamer@ypos@offset=\count279
\beamer@showpartnumber=\count280
\beamer@currentsubsection=\count281
\beamer@coveringdepth=\count282
\beamer@sectionadjust=\count283
\beamer@toclastsection=\count284
\beamer@tocsectionnumber=\count285
 (C:\Users\georg\AppData\Roaming\MiKTeX\2.9\tex/latex/beamer\beamerbaseoptions.sty (C:\Users\georg\AppData\Roaming\MiKTeX\2.9\tex/latex/graphics\keyval.sty
Package: keyval 2022/05/29 v1.15 key=value parser (DPC)
\KV@toks@=\toks17
))
\beamer@paperwidth=\skip50
\beamer@paperheight=\skip51
 (C:\Users\georg\AppData\Roaming\MiKTeX\2.9\tex/latex/geometry\geometry.sty
Package: geometry 2020/01/02 v5.9 Page Geometry
 (C:\Users\georg\AppData\Roaming\MiKTeX\2.9\tex/generic/iftex\ifvtex.sty
Package: ifvtex 2019/10/25 v1.7 ifvtex legacy package. Use iftex instead.
)
\Gm@cnth=\count286
\Gm@cntv=\count287
\c@Gm@tempcnt=\count288
\Gm@bindingoffset=\dimen157
\Gm@wd@mp=\dimen158
\Gm@odd@mp=\dimen159
\Gm@even@mp=\dimen160
\Gm@layoutwidth=\dimen161
\Gm@layoutheight=\dimen162
\Gm@layouthoffset=\dimen163
\Gm@layoutvoffset=\dimen164
\Gm@dimlist=\toks18
 (C:\Users\georg\AppData\Roaming\MiKTeX\2.9\tex/latex/geometry\geometry.cfg)) (C:\Users\georg\AppData\Roaming\MiKTeX\2.9\tex/latex/pgf/math\pgfmath.sty (C:\Users\georg\AppData\Roaming\MiKTeX\2.9\tex/latex/pgf/utilities\pgfrcs.sty (C:\Users\georg\AppData\Roaming\MiKTeX\2.9\tex/generic/pgf/utilities\pgfutil-common.tex
\pgfutil@everybye=\toks19
\pgfutil@tempdima=\dimen165
\pgfutil@tempdimb=\dimen166
) (C:\Users\georg\AppData\Roaming\MiKTeX\2.9\tex/generic/pgf/utilities\pgfutil-latex.def
\pgfutil@abb=\box61
) (C:\Users\georg\AppData\Roaming\MiKTeX\2.9\tex/generic/pgf/utilities\pgfrcs.code.tex (C:\Users\georg\AppData\Roaming\MiKTeX\2.9\tex/generic/pgf\pgf.revision.tex)
Package: pgfrcs 2023-01-15 v3.1.10 (3.1.10)
)) (C:\Users\georg\AppData\Roaming\MiKTeX\2.9\tex/latex/pgf/utilities\pgfkeys.sty (C:\Users\georg\AppData\Roaming\MiKTeX\2.9\tex/generic/pgf/utilities\pgfkeys.code.tex
\pgfkeys@pathtoks=\toks20
\pgfkeys@temptoks=\toks21
 (C:\Users\georg\AppData\Roaming\MiKTeX\2.9\tex/generic/pgf/utilities\pgfkeyslibraryfiltered.code.tex
\pgfkeys@tmptoks=\toks22
))) (C:\Users\georg\AppData\Roaming\MiKTeX\2.9\tex/generic/pgf/math\pgfmath.code.tex (C:\Users\georg\AppData\Roaming\MiKTeX\2.9\tex/generic/pgf/math\pgfmathutil.code.tex
\pgf@x=\dimen167
\pgf@xa=\dimen168
\pgf@xb=\dimen169
\pgf@xc=\dimen170
\pgf@y=\dimen171
\pgf@ya=\dimen172
\pgf@yb=\dimen173
\pgf@yc=\dimen174
\c@pgf@counta=\count289
\c@pgf@countb=\count290
\c@pgf@countc=\count291
\c@pgf@countd=\count292
) (C:\Users\georg\AppData\Roaming\MiKTeX\2.9\tex/generic/pgf/math\pgfmathparser.code.tex
\pgfmath@dimen=\dimen175
\pgfmath@count=\count293
\pgfmath@box=\box62
\pgfmath@toks=\toks23
\pgfmath@stack@operand=\toks24
\pgfmath@stack@operation=\toks25
) (C:\Users\georg\AppData\Roaming\MiKTeX\2.9\tex/generic/pgf/math\pgfmathfunctions.code.tex) (C:\Users\georg\AppData\Roaming\MiKTeX\2.9\tex/generic/pgf/math\pgfmathfunctions.basic.code.tex) (C:\Users\georg\AppData\Roaming\MiKTeX\2.9\tex/generic/pgf/math\pgfmathfunctions.trigonometric.code.tex) (C:\Users\georg\AppData\Roaming\MiKTeX\2.9\tex/generic/pgf/math\pgfmathfunctions.random.code.tex) (C:\Users\georg\AppData\Roaming\MiKTeX\2.9\tex/generic/pgf/math\pgfmathfunctions.comparison.code.tex) (C:\Users\georg\AppData\Roaming\MiKTeX\2.9\tex/generic/pgf/math\pgfmathfunctions.base.code.tex) (C:\Users\georg\AppData\Roaming\MiKTeX\2.9\tex/generic/pgf/math\pgfmathfunctions.round.code.tex) (C:\Users\georg\AppData\Roaming\MiKTeX\2.9\tex/generic/pgf/math\pgfmathfunctions.misc.code.tex) (C:\Users\georg\AppData\Roaming\MiKTeX\2.9\tex/generic/pgf/math\pgfmathfunctions.integerarithmetics.code.tex) (C:\Users\georg\AppData\Roaming\MiKTeX\2.9\tex/generic/pgf/math\pgfmathcalc.code.tex) (C:\Users\georg\AppData\Roaming\MiKTeX\2.9\tex/generic/pgf/math\pgfmathfloat.code.tex
\c@pgfmathroundto@lastzeros=\count294
))) (C:\Users\georg\AppData\Roaming\MiKTeX\2.9\tex/latex/base\size11.clo
File: size11.clo 2024/02/08 v1.4n Standard LaTeX file (size option)
) (C:\Users\georg\AppData\Roaming\MiKTeX\2.9\tex/latex/pgf/basiclayer\pgfcore.sty (C:\Users\georg\AppData\Roaming\MiKTeX\2.9\tex/latex/graphics\graphicx.sty
Package: graphicx 2021/09/16 v1.2d Enhanced LaTeX Graphics (DPC,SPQR)
 (C:\Users\georg\AppData\Roaming\MiKTeX\2.9\tex/latex/graphics\graphics.sty
Package: graphics 2024/05/23 v1.4g Standard LaTeX Graphics (DPC,SPQR)
 (C:\Users\georg\AppData\Roaming\MiKTeX\2.9\tex/latex/graphics\trig.sty
Package: trig 2023/12/02 v1.11 sin cos tan (DPC)
) (C:\Users\georg\AppData\Roaming\MiKTeX\2.9\tex/latex/graphics-cfg\graphics.cfg
File: graphics.cfg 2016/06/04 v1.11 sample graphics configuration
)
Package graphics Info: Driver file: pdftex.def on input line 106.
 (C:\Users\georg\AppData\Roaming\MiKTeX\2.9\tex/latex/graphics-def\pdftex.def
File: pdftex.def 2024/04/13 v1.2c Graphics/color driver for pdftex
))
\Gin@req@height=\dimen176
\Gin@req@width=\dimen177
) (C:\Users\georg\AppData\Roaming\MiKTeX\2.9\tex/latex/pgf/systemlayer\pgfsys.sty (C:\Users\georg\AppData\Roaming\MiKTeX\2.9\tex/generic/pgf/systemlayer\pgfsys.code.tex
Package: pgfsys 2023-01-15 v3.1.10 (3.1.10)
\pgf@x=\dimen178
\pgf@y=\dimen179
\pgf@xa=\dimen180
\pgf@ya=\dimen181
\pgf@xb=\dimen182
\pgf@yb=\dimen183
\pgf@xc=\dimen184
\pgf@yc=\dimen185
\pgf@xd=\dimen186
\pgf@yd=\dimen187
\w@pgf@writea=\write3
\r@pgf@reada=\read2
\c@pgf@counta=\count295
\c@pgf@countb=\count296
\c@pgf@countc=\count297
\c@pgf@countd=\count298
\t@pgf@toka=\toks26
\t@pgf@tokb=\toks27
\t@pgf@tokc=\toks28
\pgf@sys@id@count=\count299
 (C:\Users\georg\AppData\Roaming\MiKTeX\2.9\tex/generic/pgf/systemlayer\pgf.cfg
File: pgf.cfg 2023-01-15 v3.1.10 (3.1.10)
)
Driver file for pgf: pgfsys-pdftex.def
 (C:\Users\georg\AppData\Roaming\MiKTeX\2.9\tex/generic/pgf/systemlayer\pgfsys-pdftex.def
File: pgfsys-pdftex.def 2023-01-15 v3.1.10 (3.1.10)
 (C:\Users\georg\AppData\Roaming\MiKTeX\2.9\tex/generic/pgf/systemlayer\pgfsys-common-pdf.def
File: pgfsys-common-pdf.def 2023-01-15 v3.1.10 (3.1.10)
))) (C:\Users\georg\AppData\Roaming\MiKTeX\2.9\tex/generic/pgf/systemlayer\pgfsyssoftpath.code.tex
File: pgfsyssoftpath.code.tex 2023-01-15 v3.1.10 (3.1.10)
\pgfsyssoftpath@smallbuffer@items=\count300
\pgfsyssoftpath@bigbuffer@items=\count301
) (C:\Users\georg\AppData\Roaming\MiKTeX\2.9\tex/generic/pgf/systemlayer\pgfsysprotocol.code.tex
File: pgfsysprotocol.code.tex 2023-01-15 v3.1.10 (3.1.10)
)) (C:\Users\georg\AppData\Roaming\MiKTeX\2.9\tex/latex/xcolor\xcolor.sty
Package: xcolor 2023/11/15 v3.01 LaTeX color extensions (UK)
 (C:\Users\georg\AppData\Roaming\MiKTeX\2.9\tex/latex/graphics-cfg\color.cfg
File: color.cfg 2016/01/02 v1.6 sample color configuration
)
Package xcolor Info: Driver file: pdftex.def on input line 274.
 (C:\Users\georg\AppData\Roaming\MiKTeX\2.9\tex/latex/graphics\mathcolor.ltx)
Package xcolor Info: Model `cmy' substituted by `cmy0' on input line 1350.
Package xcolor Info: Model `hsb' substituted by `rgb' on input line 1354.
Package xcolor Info: Model `RGB' extended on input line 1366.
Package xcolor Info: Model `HTML' substituted by `rgb' on input line 1368.
Package xcolor Info: Model `Hsb' substituted by `hsb' on input line 1369.
Package xcolor Info: Model `tHsb' substituted by `hsb' on input line 1370.
Package xcolor Info: Model `HSB' substituted by `hsb' on input line 1371.
Package xcolor Info: Model `Gray' substituted by `gray' on input line 1372.
Package xcolor Info: Model `wave' substituted by `hsb' on input line 1373.
) (C:\Users\georg\AppData\Roaming\MiKTeX\2.9\tex/generic/pgf/basiclayer\pgfcore.code.tex
Package: pgfcore 2023-01-15 v3.1.10 (3.1.10)
 (C:\Users\georg\AppData\Roaming\MiKTeX\2.9\tex/generic/pgf/math\pgfint.code.tex) (C:\Users\georg\AppData\Roaming\MiKTeX\2.9\tex/generic/pgf/basiclayer\pgfcorepoints.code.tex
File: pgfcorepoints.code.tex 2023-01-15 v3.1.10 (3.1.10)
\pgf@picminx=\dimen188
\pgf@picmaxx=\dimen189
\pgf@picminy=\dimen190
\pgf@picmaxy=\dimen191
\pgf@pathminx=\dimen192
\pgf@pathmaxx=\dimen193
\pgf@pathminy=\dimen194
\pgf@pathmaxy=\dimen195
\pgf@xx=\dimen196
\pgf@xy=\dimen197
\pgf@yx=\dimen198
\pgf@yy=\dimen199
\pgf@zx=\dimen256
\pgf@zy=\dimen257
) (C:\Users\georg\AppData\Roaming\MiKTeX\2.9\tex/generic/pgf/basiclayer\pgfcorepathconstruct.code.tex
File: pgfcorepathconstruct.code.tex 2023-01-15 v3.1.10 (3.1.10)
\pgf@path@lastx=\dimen258
\pgf@path@lasty=\dimen259
) (C:\Users\georg\AppData\Roaming\MiKTeX\2.9\tex/generic/pgf/basiclayer\pgfcorepathusage.code.tex
File: pgfcorepathusage.code.tex 2023-01-15 v3.1.10 (3.1.10)
\pgf@shorten@end@additional=\dimen260
\pgf@shorten@start@additional=\dimen261
) (C:\Users\georg\AppData\Roaming\MiKTeX\2.9\tex/generic/pgf/basiclayer\pgfcorescopes.code.tex
File: pgfcorescopes.code.tex 2023-01-15 v3.1.10 (3.1.10)
\pgfpic=\box63
\pgf@hbox=\box64
\pgf@layerbox@main=\box65
\pgf@picture@serial@count=\count302
) (C:\Users\georg\AppData\Roaming\MiKTeX\2.9\tex/generic/pgf/basiclayer\pgfcoregraphicstate.code.tex
File: pgfcoregraphicstate.code.tex 2023-01-15 v3.1.10 (3.1.10)
\pgflinewidth=\dimen262
) (C:\Users\georg\AppData\Roaming\MiKTeX\2.9\tex/generic/pgf/basiclayer\pgfcoretransformations.code.tex
File: pgfcoretransformations.code.tex 2023-01-15 v3.1.10 (3.1.10)
\pgf@pt@x=\dimen263
\pgf@pt@y=\dimen264
\pgf@pt@temp=\dimen265
) (C:\Users\georg\AppData\Roaming\MiKTeX\2.9\tex/generic/pgf/basiclayer\pgfcorequick.code.tex
File: pgfcorequick.code.tex 2023-01-15 v3.1.10 (3.1.10)
) (C:\Users\georg\AppData\Roaming\MiKTeX\2.9\tex/generic/pgf/basiclayer\pgfcoreobjects.code.tex
File: pgfcoreobjects.code.tex 2023-01-15 v3.1.10 (3.1.10)
) (C:\Users\georg\AppData\Roaming\MiKTeX\2.9\tex/generic/pgf/basiclayer\pgfcorepathprocessing.code.tex
File: pgfcorepathprocessing.code.tex 2023-01-15 v3.1.10 (3.1.10)
) (C:\Users\georg\AppData\Roaming\MiKTeX\2.9\tex/generic/pgf/basiclayer\pgfcorearrows.code.tex
File: pgfcorearrows.code.tex 2023-01-15 v3.1.10 (3.1.10)
\pgfarrowsep=\dimen266
) (C:\Users\georg\AppData\Roaming\MiKTeX\2.9\tex/generic/pgf/basiclayer\pgfcoreshade.code.tex
File: pgfcoreshade.code.tex 2023-01-15 v3.1.10 (3.1.10)
\pgf@max=\dimen267
\pgf@sys@shading@range@num=\count303
\pgf@shadingcount=\count304
) (C:\Users\georg\AppData\Roaming\MiKTeX\2.9\tex/generic/pgf/basiclayer\pgfcoreimage.code.tex
File: pgfcoreimage.code.tex 2023-01-15 v3.1.10 (3.1.10)
) (C:\Users\georg\AppData\Roaming\MiKTeX\2.9\tex/generic/pgf/basiclayer\pgfcoreexternal.code.tex
File: pgfcoreexternal.code.tex 2023-01-15 v3.1.10 (3.1.10)
\pgfexternal@startupbox=\box66
) (C:\Users\georg\AppData\Roaming\MiKTeX\2.9\tex/generic/pgf/basiclayer\pgfcorelayers.code.tex
File: pgfcorelayers.code.tex 2023-01-15 v3.1.10 (3.1.10)
) (C:\Users\georg\AppData\Roaming\MiKTeX\2.9\tex/generic/pgf/basiclayer\pgfcoretransparency.code.tex
File: pgfcoretransparency.code.tex 2023-01-15 v3.1.10 (3.1.10)
) (C:\Users\georg\AppData\Roaming\MiKTeX\2.9\tex/generic/pgf/basiclayer\pgfcorepatterns.code.tex
File: pgfcorepatterns.code.tex 2023-01-15 v3.1.10 (3.1.10)
) (C:\Users\georg\AppData\Roaming\MiKTeX\2.9\tex/generic/pgf/basiclayer\pgfcorerdf.code.tex
File: pgfcorerdf.code.tex 2023-01-15 v3.1.10 (3.1.10)
))) (C:\Users\georg\AppData\Roaming\MiKTeX\2.9\tex/latex/pgf/utilities\xxcolor.sty
Package: xxcolor 2003/10/24 ver 0.1
\XC@nummixins=\count305
\XC@countmixins=\count306
) (C:\Users\georg\AppData\Roaming\MiKTeX\2.9\tex/latex/base\atbegshi-ltx.sty
Package: atbegshi-ltx 2021/01/10 v1.0c Emulation of the original atbegshi
package with kernel methods
) (C:\Users\georg\AppData\Roaming\MiKTeX\2.9\tex/latex/hyperref\hyperref.sty
Package: hyperref 2024-07-10 v7.01j Hypertext links for LaTeX
 (C:\Users\georg\AppData\Roaming\MiKTeX\2.9\tex/latex/kvsetkeys\kvsetkeys.sty
Package: kvsetkeys 2022-10-05 v1.19 Key value parser (HO)
) (C:\Users\georg\AppData\Roaming\MiKTeX\2.9\tex/generic/kvdefinekeys\kvdefinekeys.sty
Package: kvdefinekeys 2019-12-19 v1.6 Define keys (HO)
) (C:\Users\georg\AppData\Roaming\MiKTeX\2.9\tex/generic/pdfescape\pdfescape.sty
Package: pdfescape 2019/12/09 v1.15 Implements pdfTeX's escape features (HO)
 (C:\Users\georg\AppData\Roaming\MiKTeX\2.9\tex/generic/ltxcmds\ltxcmds.sty
Package: ltxcmds 2023-12-04 v1.26 LaTeX kernel commands for general use (HO)
) (C:\Users\georg\AppData\Roaming\MiKTeX\2.9\tex/generic/pdftexcmds\pdftexcmds.sty
Package: pdftexcmds 2020-06-27 v0.33 Utility functions of pdfTeX for LuaTeX (HO)
 (C:\Users\georg\AppData\Roaming\MiKTeX\2.9\tex/generic/infwarerr\infwarerr.sty
Package: infwarerr 2019/12/03 v1.5 Providing info/warning/error messages (HO)
)
Package pdftexcmds Info: \pdf@primitive is available.
Package pdftexcmds Info: \pdf@ifprimitive is available.
Package pdftexcmds Info: \pdfdraftmode found.
)) (C:\Users\georg\AppData\Roaming\MiKTeX\2.9\tex/latex/hycolor\hycolor.sty
Package: hycolor 2020-01-27 v1.10 Color options for hyperref/bookmark (HO)
) (C:\Users\georg\AppData\Roaming\MiKTeX\2.9\tex/latex/hyperref\nameref.sty
Package: nameref 2023-11-26 v2.56 Cross-referencing by name of section
 (C:\Users\georg\AppData\Roaming\MiKTeX\2.9\tex/latex/refcount\refcount.sty
Package: refcount 2019/12/15 v3.6 Data extraction from label references (HO)
) (C:\Users\georg\AppData\Roaming\MiKTeX\2.9\tex/generic/gettitlestring\gettitlestring.sty
Package: gettitlestring 2019/12/15 v1.6 Cleanup title references (HO)
 (C:\Users\georg\AppData\Roaming\MiKTeX\2.9\tex/latex/kvoptions\kvoptions.sty
Package: kvoptions 2022-06-15 v3.15 Key value format for package options (HO)
))
\c@section@level=\count307
) (C:\Users\georg\AppData\Roaming\MiKTeX\2.9\tex/generic/stringenc\stringenc.sty
Package: stringenc 2019/11/29 v1.12 Convert strings between diff. encodings (HO)
)
\@linkdim=\dimen268
\Hy@linkcounter=\count308
\Hy@pagecounter=\count309
 (C:\Users\georg\AppData\Roaming\MiKTeX\2.9\tex/latex/hyperref\pd1enc.def
File: pd1enc.def 2024-07-10 v7.01j Hyperref: PDFDocEncoding definition (HO)
Now handling font encoding PD1 ...
... no UTF-8 mapping file for font encoding PD1
) (C:\Users\georg\AppData\Roaming\MiKTeX\2.9\tex/generic/intcalc\intcalc.sty
Package: intcalc 2019/12/15 v1.3 Expandable calculations with integers (HO)
)
\Hy@SavedSpaceFactor=\count310
 (C:\Users\georg\AppData\Roaming\MiKTeX\2.9\tex/latex/hyperref\puenc.def
File: puenc.def 2024-07-10 v7.01j Hyperref: PDF Unicode definition (HO)
Now handling font encoding PU ...
... no UTF-8 mapping file for font encoding PU
)
Package hyperref Info: Option `bookmarks' set `true' on input line 4040.
Package hyperref Info: Option `bookmarksopen' set `true' on input line 4040.
Package hyperref Info: Option `implicit' set `false' on input line 4040.
Package hyperref Info: Hyper figures OFF on input line 4157.
Package hyperref Info: Link nesting OFF on input line 4162.
Package hyperref Info: Hyper index ON on input line 4165.
Package hyperref Info: Plain pages OFF on input line 4172.
Package hyperref Info: Backreferencing OFF on input line 4177.
Package hyperref Info: Implicit mode OFF; no redefinition of LaTeX internals.
Package hyperref Info: Bookmarks ON on input line 4424.
\c@Hy@tempcnt=\count311
 (C:\Users\georg\AppData\Roaming\MiKTeX\2.9\tex/latex/url\url.sty
\Urlmuskip=\muskip17
Package: url 2013/09/16  ver 3.4  Verb mode for urls, etc.
)
LaTeX Info: Redefining \url on input line 4763.
\XeTeXLinkMargin=\dimen269
 (C:\Users\georg\AppData\Roaming\MiKTeX\2.9\tex/generic/bitset\bitset.sty
Package: bitset 2019/12/09 v1.3 Handle bit-vector datatype (HO)
 (C:\Users\georg\AppData\Roaming\MiKTeX\2.9\tex/generic/bigintcalc\bigintcalc.sty
Package: bigintcalc 2019/12/15 v1.5 Expandable calculations on big integers (HO)
))
\Fld@menulength=\count312
\Field@Width=\dimen270
\Fld@charsize=\dimen271
Package hyperref Info: Hyper figures OFF on input line 6042.
Package hyperref Info: Link nesting OFF on input line 6047.
Package hyperref Info: Hyper index ON on input line 6050.
Package hyperref Info: backreferencing OFF on input line 6057.
Package hyperref Info: Link coloring OFF on input line 6062.
Package hyperref Info: Link coloring with OCG OFF on input line 6067.
Package hyperref Info: PDF/A mode OFF on input line 6072.
\Hy@abspage=\count313


Package hyperref Message: Stopped early.

)
Package hyperref Info: Driver (autodetected): hpdftex.
 (C:\Users\georg\AppData\Roaming\MiKTeX\2.9\tex/latex/hyperref\hpdftex.def
File: hpdftex.def 2024-07-10 v7.01j Hyperref driver for pdfTeX
 (C:\Users\georg\AppData\Roaming\MiKTeX\2.9\tex/latex/base\atveryend-ltx.sty
Package: atveryend-ltx 2020/08/19 v1.0a Emulation of the original atveryend package
with kernel methods
)
\Fld@listcount=\count314
\c@bookmark@seq@number=\count315
 (C:\Users\georg\AppData\Roaming\MiKTeX\2.9\tex/latex/rerunfilecheck\rerunfilecheck.sty
Package: rerunfilecheck 2022-07-10 v1.10 Rerun checks for auxiliary files (HO)
 (C:\Users\georg\AppData\Roaming\MiKTeX\2.9\tex/generic/uniquecounter\uniquecounter.sty
Package: uniquecounter 2019/12/15 v1.4 Provide unlimited unique counter (HO)
)
Package uniquecounter Info: New unique counter `rerunfilecheck' on input line 285.
)) (C:\Users\georg\AppData\Roaming\MiKTeX\2.9\tex/latex/beamer\beamerbaserequires.sty (C:\Users\georg\AppData\Roaming\MiKTeX\2.9\tex/latex/beamer\beamerbasecompatibility.sty) (C:\Users\georg\AppData\Roaming\MiKTeX\2.9\tex/latex/beamer\beamerbasefont.sty (C:\Users\georg\AppData\Roaming\MiKTeX\2.9\tex/latex/amsfonts\amssymb.sty
Package: amssymb 2013/01/14 v3.01 AMS font symbols
 (C:\Users\georg\AppData\Roaming\MiKTeX\2.9\tex/latex/amsfonts\amsfonts.sty
Package: amsfonts 2013/01/14 v3.01 Basic AMSFonts support
\@emptytoks=\toks29
\symAMSa=\mathgroup4
\symAMSb=\mathgroup5
LaTeX Font Info:    Redeclaring math symbol \hbar on input line 98.
LaTeX Font Info:    Overwriting math alphabet `\mathfrak' in version `bold'
(Font)                  U/euf/m/n --> U/euf/b/n on input line 106.
)) (C:\Users\georg\AppData\Roaming\MiKTeX\2.9\tex/latex/sansmathaccent\sansmathaccent.sty
Package: sansmathaccent 2020/01/31
 (C:\Users\georg\AppData\Roaming\MiKTeX\2.9\tex/latex/koma-script\scrlfile.sty
Package: scrlfile 2023/07/07 v3.41 KOMA-Script package (file load hooks)
 (C:\Users\georg\AppData\Roaming\MiKTeX\2.9\tex/latex/koma-script\scrlfile-hook.sty
Package: scrlfile-hook 2023/07/07 v3.41 KOMA-Script package (using LaTeX hooks)
 (C:\Users\georg\AppData\Roaming\MiKTeX\2.9\tex/latex/koma-script\scrlogo.sty
Package: scrlogo 2023/07/07 v3.41 KOMA-Script package (logo)
))))) (C:\Users\georg\AppData\Roaming\MiKTeX\2.9\tex/latex/beamer\beamerbasetranslator.sty (C:\Users\georg\AppData\Roaming\MiKTeX\2.9\tex/latex/translator\translator.sty
Package: translator 2021-05-31 v1.12d Easy translation of strings in LaTeX
)) (C:\Users\georg\AppData\Roaming\MiKTeX\2.9\tex/latex/beamer\beamerbasemisc.sty) (C:\Users\georg\AppData\Roaming\MiKTeX\2.9\tex/latex/beamer\beamerbasetwoscreens.sty) (C:\Users\georg\AppData\Roaming\MiKTeX\2.9\tex/latex/beamer\beamerbaseoverlay.sty
\beamer@argscount=\count316
\beamer@lastskipcover=\skip52
\beamer@trivlistdepth=\count317
) (C:\Users\georg\AppData\Roaming\MiKTeX\2.9\tex/latex/beamer\beamerbasetitle.sty) (C:\Users\georg\AppData\Roaming\MiKTeX\2.9\tex/latex/beamer\beamerbasesection.sty
\c@lecture=\count318
\c@part=\count319
\c@section=\count320
\c@subsection=\count321
\c@subsubsection=\count322
) (C:\Users\georg\AppData\Roaming\MiKTeX\2.9\tex/latex/beamer\beamerbaseframe.sty
\beamer@framebox=\box67
\beamer@frametitlebox=\box68
\beamer@zoombox=\box69
\beamer@zoomcount=\count323
\beamer@zoomframecount=\count324
\beamer@frametextheight=\dimen272
\c@subsectionslide=\count325
\beamer@frametopskip=\skip53
\beamer@framebottomskip=\skip54
\beamer@frametopskipautobreak=\skip55
\beamer@framebottomskipautobreak=\skip56
\beamer@envbody=\toks30
\framewidth=\dimen273
\c@framenumber=\count326
) (C:\Users\georg\AppData\Roaming\MiKTeX\2.9\tex/latex/beamer\beamerbaseverbatim.sty
\beamer@verbatimfileout=\write4
) (C:\Users\georg\AppData\Roaming\MiKTeX\2.9\tex/latex/beamer\beamerbaseframesize.sty
\beamer@splitbox=\box70
\beamer@autobreakcount=\count327
\beamer@autobreaklastheight=\dimen274
\beamer@frametitletoks=\toks31
\beamer@framesubtitletoks=\toks32
) (C:\Users\georg\AppData\Roaming\MiKTeX\2.9\tex/latex/beamer\beamerbaseframecomponents.sty
\beamer@footins=\box71
) (C:\Users\georg\AppData\Roaming\MiKTeX\2.9\tex/latex/beamer\beamerbasecolor.sty) (C:\Users\georg\AppData\Roaming\MiKTeX\2.9\tex/latex/beamer\beamerbasenotes.sty
\beamer@frameboxcopy=\box72
) (C:\Users\georg\AppData\Roaming\MiKTeX\2.9\tex/latex/beamer\beamerbasetoc.sty) (C:\Users\georg\AppData\Roaming\MiKTeX\2.9\tex/latex/beamer\beamerbasetemplates.sty
\beamer@sbttoks=\toks33
 (C:\Users\georg\AppData\Roaming\MiKTeX\2.9\tex/latex/beamer\beamerbaseauxtemplates.sty (C:\Users\georg\AppData\Roaming\MiKTeX\2.9\tex/latex/beamer\beamerbaseboxes.sty
\bmb@box=\box73
\bmb@colorbox=\box74
\bmb@boxwidth=\dimen275
\bmb@boxheight=\dimen276
\bmb@prevheight=\dimen277
\bmb@temp=\dimen278
\bmb@dima=\dimen279
\bmb@dimb=\dimen280
\bmb@prevheight=\dimen281
)
\beamer@blockheadheight=\dimen282
)) (C:\Users\georg\AppData\Roaming\MiKTeX\2.9\tex/latex/beamer\beamerbaselocalstructure.sty (C:\Users\georg\AppData\Roaming\MiKTeX\2.9\tex/latex/tools\enumerate.sty
Package: enumerate 2023/07/04 v3.00 enumerate extensions (DPC)
\@enLab=\toks34
)
\beamer@bibiconwidth=\skip57
\c@figure=\count328
\c@table=\count329
\abovecaptionskip=\skip58
\belowcaptionskip=\skip59
) (C:\Users\georg\AppData\Roaming\MiKTeX\2.9\tex/latex/beamer\beamerbasenavigation.sty (C:\Users\georg\AppData\Roaming\MiKTeX\2.9\tex/latex/beamer\beamerbasenavigationsymbols.tex)
\beamer@section@min@dim=\dimen283
) (C:\Users\georg\AppData\Roaming\MiKTeX\2.9\tex/latex/beamer\beamerbasetheorems.sty (C:\Users\georg\AppData\Roaming\MiKTeX\2.9\tex/latex/amsmath\amsmath.sty
Package: amsmath 2024/05/23 v2.17q AMS math features
\@mathmargin=\skip60

For additional information on amsmath, use the `?' option.
(C:\Users\georg\AppData\Roaming\MiKTeX\2.9\tex/latex/amsmath\amstext.sty
Package: amstext 2021/08/26 v2.01 AMS text
 (C:\Users\georg\AppData\Roaming\MiKTeX\2.9\tex/latex/amsmath\amsgen.sty
File: amsgen.sty 1999/11/30 v2.0 generic functions
\@emptytoks=\toks35
\ex@=\dimen284
)) (C:\Users\georg\AppData\Roaming\MiKTeX\2.9\tex/latex/amsmath\amsbsy.sty
Package: amsbsy 1999/11/29 v1.2d Bold Symbols
\pmbraise@=\dimen285
) (C:\Users\georg\AppData\Roaming\MiKTeX\2.9\tex/latex/amsmath\amsopn.sty
Package: amsopn 2022/04/08 v2.04 operator names
)
\inf@bad=\count330
LaTeX Info: Redefining \frac on input line 233.
\uproot@=\count331
\leftroot@=\count332
LaTeX Info: Redefining \overline on input line 398.
LaTeX Info: Redefining \colon on input line 409.
\classnum@=\count333
\DOTSCASE@=\count334
LaTeX Info: Redefining \ldots on input line 495.
LaTeX Info: Redefining \dots on input line 498.
LaTeX Info: Redefining \cdots on input line 619.
\Mathstrutbox@=\box75
\strutbox@=\box76
LaTeX Info: Redefining \big on input line 721.
LaTeX Info: Redefining \Big on input line 722.
LaTeX Info: Redefining \bigg on input line 723.
LaTeX Info: Redefining \Bigg on input line 724.
\big@size=\dimen286
LaTeX Font Info:    Redeclaring font encoding OML on input line 742.
LaTeX Font Info:    Redeclaring font encoding OMS on input line 743.
\macc@depth=\count335
LaTeX Info: Redefining \bmod on input line 904.
LaTeX Info: Redefining \pmod on input line 909.
LaTeX Info: Redefining \smash on input line 939.
LaTeX Info: Redefining \relbar on input line 969.
LaTeX Info: Redefining \Relbar on input line 970.
\c@MaxMatrixCols=\count336
\dotsspace@=\muskip18
\c@parentequation=\count337
\dspbrk@lvl=\count338
\tag@help=\toks36
\row@=\count339
\column@=\count340
\maxfields@=\count341
\andhelp@=\toks37
\eqnshift@=\dimen287
\alignsep@=\dimen288
\tagshift@=\dimen289
\tagwidth@=\dimen290
\totwidth@=\dimen291
\lineht@=\dimen292
\@envbody=\toks38
\multlinegap=\skip61
\multlinetaggap=\skip62
\mathdisplay@stack=\toks39
LaTeX Info: Redefining \[ on input line 2953.
LaTeX Info: Redefining \] on input line 2954.
) (C:\Users\georg\AppData\Roaming\MiKTeX\2.9\tex/latex/amscls\amsthm.sty
Package: amsthm 2020/05/29 v2.20.6
\thm@style=\toks40
\thm@bodyfont=\toks41
\thm@headfont=\toks42
\thm@notefont=\toks43
\thm@headpunct=\toks44
\thm@preskip=\skip63
\thm@postskip=\skip64
\thm@headsep=\skip65
\dth@everypar=\toks45
)
\c@theorem=\count342
) (C:\Users\georg\AppData\Roaming\MiKTeX\2.9\tex/latex/beamer\beamerbasethemes.sty)) (C:\Users\georg\AppData\Roaming\MiKTeX\2.9\tex/latex/beamer\beamerthemedefault.sty (C:\Users\georg\AppData\Roaming\MiKTeX\2.9\tex/latex/beamer\beamerfontthemedefault.sty) (C:\Users\georg\AppData\Roaming\MiKTeX\2.9\tex/latex/beamer\beamercolorthemedefault.sty) (C:\Users\georg\AppData\Roaming\MiKTeX\2.9\tex/latex/beamer\beamerinnerthemedefault.sty
\beamer@dima=\dimen293
\beamer@dimb=\dimen294
) (C:\Users\georg\AppData\Roaming\MiKTeX\2.9\tex/latex/beamer\beamerouterthemedefault.sty))) (C:\Users\georg\AppData\Roaming\MiKTeX\2.9\tex/latex/bookmark\bookmark.sty
Package: bookmark 2023-12-10 v1.31 PDF bookmarks (HO)
 (C:\Users\georg\AppData\Roaming\MiKTeX\2.9\tex/latex/bookmark\bkm-pdftex.def
File: bkm-pdftex.def 2023-12-10 v1.31 bookmark driver for pdfTeX and luaTeX (HO)
\BKM@id=\count343
)) (C:\Users\georg\AppData\Roaming\MiKTeX\2.9\tex/latex/float\float.sty
Package: float 2001/11/08 v1.3d Float enhancements (AL)
\c@float@type=\count344
\float@exts=\toks46
\float@box=\box77
\@float@everytoks=\toks47
\@floatcapt=\box78
) (C:\Users\georg\AppData\Roaming\MiKTeX\2.9\tex/latex/caption\caption.sty
Package: caption 2023/08/05 v3.6o Customizing captions (AR)
 (C:\Users\georg\AppData\Roaming\MiKTeX\2.9\tex/latex/caption\caption3.sty
Package: caption3 2023/07/31 v2.4d caption3 kernel (AR)
\caption@tempdima=\dimen295
\captionmargin=\dimen296
\caption@leftmargin=\dimen297
\caption@rightmargin=\dimen298
\caption@width=\dimen299
\caption@indent=\dimen300
\caption@parindent=\dimen301
\caption@hangindent=\dimen302
Package caption Info: beamer document class detected.
 (C:\Users\georg\AppData\Roaming\MiKTeX\2.9\tex/latex/caption\caption-beamer.sto
File: caption-beamer.sto 2022/01/06 v2.0c Adaption of the caption package to the beamer document classes (AR)
))
\c@caption@flags=\count345
\c@continuedfloat=\count346
Package caption Info: float package is loaded.
Package caption Info: hyperref package is loaded.
Package caption Info: Hyperref support is turned off
(caption)             because hyperref has stopped early.
) (C:\Users\georg\AppData\Roaming\MiKTeX\2.9\tex/latex/caption\subcaption.sty
Package: subcaption 2023/07/28 v1.6b Sub-captions (AR)
Package caption Info: New subtype `subfigure' on input line 238.
\c@subfigure=\count347
Package caption Info: New subtype `subtable' on input line 238.
\c@subtable=\count348
) (C:\Users\georg\AppData\Roaming\MiKTeX\2.9\tex/latex/jknappen\mathrsfs.sty
Package: mathrsfs 1996/01/01 Math RSFS package v1.0 (jk)
\symrsfs=\mathgroup6
) (C:\Users\georg\AppData\Roaming\MiKTeX\2.9\tex/latex/biblatex\biblatex.sty
Package: biblatex 2024/03/21 v3.20 programmable bibliographies (PK/MW)
 (C:\Users\georg\AppData\Roaming\MiKTeX\2.9\tex/latex/logreq\logreq.sty
Package: logreq 2010/08/04 v1.0 xml request logger
\lrq@indent=\count349
 (C:\Users\georg\AppData\Roaming\MiKTeX\2.9\tex/latex/logreq\logreq.def
File: logreq.def 2010/08/04 v1.0 logreq spec v1.0
)) (C:\Users\georg\AppData\Roaming\MiKTeX\2.9\tex/latex/base\ifthen.sty
Package: ifthen 2024/03/16 v1.1e Standard LaTeX ifthen package (DPC)
)
\c@tabx@nest=\count350
\c@listtotal=\count351
\c@listcount=\count352
\c@liststart=\count353
\c@liststop=\count354
\c@citecount=\count355
\c@citetotal=\count356
\c@multicitecount=\count357
\c@multicitetotal=\count358
\c@instcount=\count359
\c@maxnames=\count360
\c@minnames=\count361
\c@maxitems=\count362
\c@minitems=\count363
\c@citecounter=\count364
\c@maxcitecounter=\count365
\c@savedcitecounter=\count366
\c@uniquelist=\count367
\c@uniquename=\count368
\c@refsection=\count369
\c@refsegment=\count370
\c@maxextratitle=\count371
\c@maxextratitleyear=\count372
\c@maxextraname=\count373
\c@maxextradate=\count374
\c@maxextraalpha=\count375
\c@abbrvpenalty=\count376
\c@highnamepenalty=\count377
\c@lownamepenalty=\count378
\c@maxparens=\count379
\c@parenlevel=\count380
\blx@tempcnta=\count381
\blx@tempcntb=\count382
\blx@tempcntc=\count383
\c@blx@maxsection=\count384
\blx@maxsegment@0=\count385
\blx@notetype=\count386
\blx@parenlevel@text=\count387
\blx@parenlevel@foot=\count388
\blx@sectionciteorder@0=\count389
\blx@sectionciteorderinternal@0=\count390
\blx@entrysetcounter=\count391
\blx@biblioinstance=\count392
\labelnumberwidth=\skip66
\labelalphawidth=\skip67
\biblabelsep=\skip68
\bibitemsep=\skip69
\bibnamesep=\skip70
\bibinitsep=\skip71
\bibparsep=\skip72
\bibhang=\skip73
\blx@bcfin=\read3
\blx@bcfout=\write5
\blx@langwohyphens=\language1
\c@mincomprange=\count393
\c@maxcomprange=\count394
\c@mincompwidth=\count395
Package biblatex Info: Trying to load biblatex default data model...
Package biblatex Info: ... file 'blx-dm.def' found.
 (C:\Users\georg\AppData\Roaming\MiKTeX\2.9\tex/latex/biblatex\blx-dm.def
File: blx-dm.def 2024/03/21 v3.20 biblatex datamodel (PK/MW)
)
Package biblatex Info: Trying to load biblatex style data model...
Package biblatex Info: ... file 'numeric.dbx' not found.
Package biblatex Info: Trying to load biblatex custom data model...
Package biblatex Info: ... file 'biblatex-dm.cfg' not found.
\c@afterword=\count396
\c@savedafterword=\count397
\c@annotator=\count398
\c@savedannotator=\count399
\c@author=\count400
\c@savedauthor=\count401
\c@bookauthor=\count402
\c@savedbookauthor=\count403
\c@commentator=\count404
\c@savedcommentator=\count405
\c@editor=\count406
\c@savededitor=\count407
\c@editora=\count408
\c@savededitora=\count409
\c@editorb=\count410
\c@savededitorb=\count411
\c@editorc=\count412
\c@savededitorc=\count413
\c@foreword=\count414
\c@savedforeword=\count415
\c@holder=\count416
\c@savedholder=\count417
\c@introduction=\count418
\c@savedintroduction=\count419
\c@namea=\count420
\c@savednamea=\count421
\c@nameb=\count422
\c@savednameb=\count423
\c@namec=\count424
\c@savednamec=\count425
\c@translator=\count426
\c@savedtranslator=\count427
\c@shortauthor=\count428
\c@savedshortauthor=\count429
\c@shorteditor=\count430
\c@savedshorteditor=\count431
\c@labelname=\count432
\c@savedlabelname=\count433
\c@institution=\count434
\c@savedinstitution=\count435
\c@lista=\count436
\c@savedlista=\count437
\c@listb=\count438
\c@savedlistb=\count439
\c@listc=\count440
\c@savedlistc=\count441
\c@listd=\count442
\c@savedlistd=\count443
\c@liste=\count444
\c@savedliste=\count445
\c@listf=\count446
\c@savedlistf=\count447
\c@location=\count448
\c@savedlocation=\count449
\c@organization=\count450
\c@savedorganization=\count451
\c@origlocation=\count452
\c@savedoriglocation=\count453
\c@origpublisher=\count454
\c@savedorigpublisher=\count455
\c@publisher=\count456
\c@savedpublisher=\count457
\c@language=\count458
\c@savedlanguage=\count459
\c@origlanguage=\count460
\c@savedoriglanguage=\count461
\c@pageref=\count462
\c@savedpageref=\count463
\shorthandwidth=\skip74
\shortjournalwidth=\skip75
\shortserieswidth=\skip76
\shorttitlewidth=\skip77
\shortauthorwidth=\skip78
\shorteditorwidth=\skip79
\locallabelnumberwidth=\skip80
\locallabelalphawidth=\skip81
\localshorthandwidth=\skip82
\localshortjournalwidth=\skip83
\localshortserieswidth=\skip84
\localshorttitlewidth=\skip85
\localshortauthorwidth=\skip86
\localshorteditorwidth=\skip87
Package biblatex Info: Trying to load compatibility code...
Package biblatex Info: ... file 'blx-compat.def' found.
 (C:\Users\georg\AppData\Roaming\MiKTeX\2.9\tex/latex/biblatex\blx-compat.def
File: blx-compat.def 2024/03/21 v3.20 biblatex compatibility (PK/MW)
)
Package biblatex Info: Trying to load generic definitions...
Package biblatex Info: ... file 'biblatex.def' found.
 (C:\Users\georg\AppData\Roaming\MiKTeX\2.9\tex/latex/biblatex\biblatex.def
File: biblatex.def 2024/03/21 v3.20 biblatex compatibility (PK/MW)
\c@textcitecount=\count464
\c@textcitetotal=\count465
\c@textcitemaxnames=\count466
\c@biburlbigbreakpenalty=\count467
\c@biburlbreakpenalty=\count468
\c@biburlnumpenalty=\count469
\c@biburlucpenalty=\count470
\c@biburllcpenalty=\count471
\biburlbigskip=\muskip19
\biburlnumskip=\muskip20
\biburlucskip=\muskip21
\biburllcskip=\muskip22
\c@smartand=\count472
)
Package biblatex Info: Trying to load bibliography style 'numeric'...
Package biblatex Info: ... file 'numeric.bbx' found.
 (C:\Users\georg\AppData\Roaming\MiKTeX\2.9\tex/latex/biblatex/bbx\numeric.bbx
File: numeric.bbx 2024/03/21 v3.20 biblatex bibliography style (PK/MW)
Package biblatex Info: Trying to load bibliography style 'standard'...
Package biblatex Info: ... file 'standard.bbx' found.
 (C:\Users\georg\AppData\Roaming\MiKTeX\2.9\tex/latex/biblatex/bbx\standard.bbx
File: standard.bbx 2024/03/21 v3.20 biblatex bibliography style (PK/MW)
\c@bbx:relatedcount=\count473
\c@bbx:relatedtotal=\count474
))
Package biblatex Info: Trying to load citation style 'numeric'...
Package biblatex Info: ... file 'numeric.cbx' found.
 (C:\Users\georg\AppData\Roaming\MiKTeX\2.9\tex/latex/biblatex/cbx\numeric.cbx
File: numeric.cbx 2024/03/21 v3.20 biblatex citation style (PK/MW)
Package biblatex Info: Redefining '\cite'.
Package biblatex Info: Redefining '\parencite'.
Package biblatex Info: Redefining '\footcite'.
Package biblatex Info: Redefining '\footcitetext'.
Package biblatex Info: Redefining '\smartcite'.
Package biblatex Info: Redefining '\supercite'.
Package biblatex Info: Redefining '\textcite'.
Package biblatex Info: Redefining '\textcites'.
Package biblatex Info: Redefining '\cites'.
Package biblatex Info: Redefining '\parencites'.
Package biblatex Info: Redefining '\smartcites'.
)
Package biblatex Info: Trying to load configuration file...
Package biblatex Info: ... file 'biblatex.cfg' found.
 (C:\Users\georg\AppData\Roaming\MiKTeX\2.9\tex/latex/biblatex\biblatex.cfg
File: biblatex.cfg 
)
Package biblatex Info: Input encoding 'utf8' detected.
Package biblatex Info: Document encoding is UTF8 ....
 (C:\Users\georg\AppData\Roaming\MiKTeX\2.9\tex/latex/l3kernel\expl3.sty
Package: expl3 2024-07-20 L3 programming layer (loader) 
 (C:\Users\georg\AppData\Roaming\MiKTeX\2.9\tex/latex/l3backend\l3backend-pdftex.def
File: l3backend-pdftex.def 2024-05-08 L3 backend support: PDF output (pdfTeX)
\l__color_backend_stack_int=\count475
\l__pdf_internal_box=\box79
))
Package biblatex Info: ... and expl3
(biblatex)             2024-07-20 L3 programming layer (loader) 
(biblatex)             is new enough (at least 2020/04/06),
(biblatex)             setting 'casechanger=expl3'.
 (C:\Users\georg\AppData\Roaming\MiKTeX\2.9\tex/latex/biblatex\blx-case-expl3.sty (C:\Users\georg\AppData\Roaming\MiKTeX\2.9\tex/latex/l3packages/xparse\xparse.sty
Package: xparse 2024-05-08 L3 Experimental document command parser
)
Package: blx-case-expl3 2024/03/21 v3.20 expl3 case changing code for biblatex
)) (beamerthememetropolis.sty
Package: beamerthememetropolis 2016/03/14 v1.1 Metropolis Beamer theme
 (C:\Users\georg\AppData\Roaming\MiKTeX\2.9\tex/latex/pgfopts\pgfopts.sty
Package: pgfopts 2014/07/10 v2.1a LaTeX package options with pgfkeys
\pgfopts@list@add@a@toks=\toks48
\pgfopts@list@add@b@toks=\toks49
) (C:\Users\georg\AppData\Roaming\MiKTeX\2.9\tex/latex/beamertheme-metropolis\beamerinnerthememetropolis.sty
Package: beamerinnerthememetropolis 2017/01/23 Metropolis inner theme
 (C:\Users\georg\AppData\Roaming\MiKTeX\2.9\tex/latex/tools\calc.sty
Package: calc 2023/07/08 v4.3 Infix arithmetic (KKT,FJ)
\calc@Acount=\count476
\calc@Bcount=\count477
\calc@Adimen=\dimen303
\calc@Bdimen=\dimen304
\calc@Askip=\skip88
\calc@Bskip=\skip89
LaTeX Info: Redefining \setlength on input line 80.
LaTeX Info: Redefining \addtolength on input line 81.
\calc@Ccount=\count478
\calc@Cskip=\skip90
) (C:\Users\georg\AppData\Roaming\MiKTeX\2.9\tex/latex/pgf/frontendlayer\tikz.sty (C:\Users\georg\AppData\Roaming\MiKTeX\2.9\tex/latex/pgf/basiclayer\pgf.sty
Package: pgf 2023-01-15 v3.1.10 (3.1.10)
 (C:\Users\georg\AppData\Roaming\MiKTeX\2.9\tex/generic/pgf/modules\pgfmoduleshapes.code.tex
File: pgfmoduleshapes.code.tex 2023-01-15 v3.1.10 (3.1.10)
\pgfnodeparttextbox=\box80
) (C:\Users\georg\AppData\Roaming\MiKTeX\2.9\tex/generic/pgf/modules\pgfmoduleplot.code.tex
File: pgfmoduleplot.code.tex 2023-01-15 v3.1.10 (3.1.10)
) (C:\Users\georg\AppData\Roaming\MiKTeX\2.9\tex/latex/pgf/compatibility\pgfcomp-version-0-65.sty
Package: pgfcomp-version-0-65 2023-01-15 v3.1.10 (3.1.10)
\pgf@nodesepstart=\dimen305
\pgf@nodesepend=\dimen306
) (C:\Users\georg\AppData\Roaming\MiKTeX\2.9\tex/latex/pgf/compatibility\pgfcomp-version-1-18.sty
Package: pgfcomp-version-1-18 2023-01-15 v3.1.10 (3.1.10)
)) (C:\Users\georg\AppData\Roaming\MiKTeX\2.9\tex/latex/pgf/utilities\pgffor.sty (C:\Users\georg\AppData\Roaming\MiKTeX\2.9\tex/generic/pgf/utilities\pgffor.code.tex
Package: pgffor 2023-01-15 v3.1.10 (3.1.10)
\pgffor@iter=\dimen307
\pgffor@skip=\dimen308
\pgffor@stack=\toks50
\pgffor@toks=\toks51
)) (C:\Users\georg\AppData\Roaming\MiKTeX\2.9\tex/generic/pgf/frontendlayer/tikz\tikz.code.tex
Package: tikz 2023-01-15 v3.1.10 (3.1.10)
 (C:\Users\georg\AppData\Roaming\MiKTeX\2.9\tex/generic/pgf/libraries\pgflibraryplothandlers.code.tex
File: pgflibraryplothandlers.code.tex 2023-01-15 v3.1.10 (3.1.10)
\pgf@plot@mark@count=\count479
\pgfplotmarksize=\dimen309
)
\tikz@lastx=\dimen310
\tikz@lasty=\dimen311
\tikz@lastxsaved=\dimen312
\tikz@lastysaved=\dimen313
\tikz@lastmovetox=\dimen314
\tikz@lastmovetoy=\dimen315
\tikzleveldistance=\dimen316
\tikzsiblingdistance=\dimen317
\tikz@figbox=\box81
\tikz@figbox@bg=\box82
\tikz@tempbox=\box83
\tikz@tempbox@bg=\box84
\tikztreelevel=\count480
\tikznumberofchildren=\count481
\tikznumberofcurrentchild=\count482
\tikz@fig@count=\count483
 (C:\Users\georg\AppData\Roaming\MiKTeX\2.9\tex/generic/pgf/modules\pgfmodulematrix.code.tex
File: pgfmodulematrix.code.tex 2023-01-15 v3.1.10 (3.1.10)
\pgfmatrixcurrentrow=\count484
\pgfmatrixcurrentcolumn=\count485
\pgf@matrix@numberofcolumns=\count486
)
\tikz@expandcount=\count487
 (C:\Users\georg\AppData\Roaming\MiKTeX\2.9\tex/generic/pgf/frontendlayer/tikz/libraries\tikzlibrarytopaths.code.tex
File: tikzlibrarytopaths.code.tex 2023-01-15 v3.1.10 (3.1.10)
)))
\metropolis@titleseparator@linewidth=\skip91
\metropolis@progressonsectionpage=\skip92
\metropolis@progressonsectionpage@linewidth=\skip93
\metropolis@blocksep=\skip94
\metropolis@blockadjust=\skip95
\metropolis@parskip=\skip96
) (C:\Users\georg\AppData\Roaming\MiKTeX\2.9\tex/latex/beamertheme-metropolis\beamerouterthememetropolis.sty
Package: beamerouterthememetropolis 2017/01/23 Metropolis outer theme
\metropolis@frametitle@padding=\skip97
\metropolis@progressinheadfoot=\skip98
\metropolis@progressinheadfoot@linewidth=\skip99
) (C:\Users\georg\AppData\Roaming\MiKTeX\2.9\tex/latex/beamertheme-metropolis\beamercolorthememetropolis.sty
Package: beamercolorthememetropolis 2017/01/23 Metropolis color theme
) (C:\Users\georg\AppData\Roaming\MiKTeX\2.9\tex/latex/beamertheme-metropolis\beamerfontthememetropolis.sty
Package: beamerfontthememetropolis 2017/01/23 Metropolis font theme
 (C:\Users\georg\AppData\Roaming\MiKTeX\2.9\tex/generic/iftex\ifxetex.sty
Package: ifxetex 2019/10/25 v0.7 ifxetex legacy package. Use iftex instead.
) (C:\Users\georg\AppData\Roaming\MiKTeX\2.9\tex/generic/iftex\ifluatex.sty
Package: ifluatex 2019/10/25 v1.5 ifluatex legacy package. Use iftex instead.
)

Package beamerthememetropolis Warning: You need to compile with XeLaTeX or LuaLaTeX to use the Fira fonts on input line 95.

))
\@quotelevel=\count488
\@quotereset=\count489
 (comp.aux)
\openout1 = `comp.aux'.

LaTeX Font Info:    Checking defaults for OML/cmm/m/it on input line 29.
LaTeX Font Info:    ... okay on input line 29.
LaTeX Font Info:    Checking defaults for OMS/cmsy/m/n on input line 29.
LaTeX Font Info:    ... okay on input line 29.
LaTeX Font Info:    Checking defaults for OT1/cmr/m/n on input line 29.
LaTeX Font Info:    ... okay on input line 29.
LaTeX Font Info:    Checking defaults for T1/cmr/m/n on input line 29.
LaTeX Font Info:    ... okay on input line 29.
LaTeX Font Info:    Checking defaults for TS1/cmr/m/n on input line 29.
LaTeX Font Info:    ... okay on input line 29.
LaTeX Font Info:    Checking defaults for OMX/cmex/m/n on input line 29.
LaTeX Font Info:    ... okay on input line 29.
LaTeX Font Info:    Checking defaults for U/cmr/m/n on input line 29.
LaTeX Font Info:    ... okay on input line 29.
LaTeX Font Info:    Checking defaults for PD1/pdf/m/n on input line 29.
LaTeX Font Info:    ... okay on input line 29.
LaTeX Font Info:    Checking defaults for PU/pdf/m/n on input line 29.
LaTeX Font Info:    ... okay on input line 29.

*geometry* driver: auto-detecting
*geometry* detected driver: pdftex
*geometry* verbose mode - [ preamble ] result:
* driver: pdftex
* paper: custom
* layout: <same size as paper>
* layoutoffset:(h,v)=(0.0pt,0.0pt)
* modes: includehead includefoot 
* h-part:(L,W,R)=(28.45274pt, 307.28987pt, 28.45274pt)
* v-part:(T,H,B)=(0.0pt, 273.14662pt, 0.0pt)
* \paperwidth=364.19536pt
* \paperheight=273.14662pt
* \textwidth=307.28987pt
* \textheight=244.6939pt
* \oddsidemargin=-43.81725pt
* \evensidemargin=-43.81725pt
* \topmargin=-72.26999pt
* \headheight=14.22636pt
* \headsep=0.0pt
* \topskip=11.0pt
* \footskip=14.22636pt
* \marginparwidth=4.0pt
* \marginparsep=10.0pt
* \columnsep=10.0pt
* \skip\footins=10.0pt plus 4.0pt minus 2.0pt
* \hoffset=0.0pt
* \voffset=0.0pt
* \mag=1000
* \@twocolumnfalse
* \@twosidefalse
* \@mparswitchfalse
* \@reversemarginfalse
* (1in=72.27pt=25.4mm, 1cm=28.453pt)

(C:\Users\georg\AppData\Roaming\MiKTeX\2.9\tex/context/base/mkii\supp-pdf.mkii
[Loading MPS to PDF converter (version 2006.09.02).]
\scratchcounter=\count490
\scratchdimen=\dimen318
\scratchbox=\box85
\nofMPsegments=\count491
\nofMParguments=\count492
\everyMPshowfont=\toks52
\MPscratchCnt=\count493
\MPscratchDim=\dimen319
\MPnumerator=\count494
\makeMPintoPDFobject=\count495
\everyMPtoPDFconversion=\toks53
) (C:\Users\georg\AppData\Roaming\MiKTeX\2.9\tex/latex/epstopdf-pkg\epstopdf-base.sty
Package: epstopdf-base 2020-01-24 v2.11 Base part for package epstopdf
Package epstopdf-base Info: Redefining graphics rule for `.eps' on input line 485.
 (C:\Users\georg\AppData\Roaming\MiKTeX\2.9\tex/latex/00miktex\epstopdf-sys.cfg
File: epstopdf-sys.cfg 2021/03/18 v2.0 Configuration of epstopdf for MiKTeX
))
Package hyperref Info: Link coloring OFF on input line 29.
LaTeX Font Info:    Overwriting symbol font `operators' in version `normal'
(Font)                  OT1/cmr/m/n --> OT1/cmss/m/n on input line 29.
LaTeX Font Info:    Overwriting symbol font `operators' in version `bold'
(Font)                  OT1/cmr/bx/n --> OT1/cmss/b/n on input line 29.
\symnumbers=\mathgroup7
\sympureletters=\mathgroup8
LaTeX Font Info:    Overwriting math alphabet `\mathrm' in version `normal'
(Font)                  OT1/cmss/m/n --> OT1/cmr/m/n on input line 29.
LaTeX Font Info:    Redeclaring math alphabet \mathbf on input line 29.
LaTeX Font Info:    Overwriting math alphabet `\mathbf' in version `normal'
(Font)                  OT1/cmr/bx/n --> OT1/cmss/b/n on input line 29.
LaTeX Font Info:    Overwriting math alphabet `\mathbf' in version `bold'
(Font)                  OT1/cmr/bx/n --> OT1/cmss/b/n on input line 29.
LaTeX Font Info:    Redeclaring math alphabet \mathsf on input line 29.
LaTeX Font Info:    Overwriting math alphabet `\mathsf' in version `normal'
(Font)                  OT1/cmss/m/n --> OT1/cmss/m/n on input line 29.
LaTeX Font Info:    Overwriting math alphabet `\mathsf' in version `bold'
(Font)                  OT1/cmss/bx/n --> OT1/cmss/m/n on input line 29.
LaTeX Font Info:    Redeclaring math alphabet \mathit on input line 29.
LaTeX Font Info:    Overwriting math alphabet `\mathit' in version `normal'
(Font)                  OT1/cmr/m/it --> OT1/cmss/m/it on input line 29.
LaTeX Font Info:    Overwriting math alphabet `\mathit' in version `bold'
(Font)                  OT1/cmr/bx/it --> OT1/cmss/m/it on input line 29.
LaTeX Font Info:    Redeclaring math alphabet \mathtt on input line 29.
LaTeX Font Info:    Overwriting math alphabet `\mathtt' in version `normal'
(Font)                  OT1/cmtt/m/n --> OT1/cmtt/m/n on input line 29.
LaTeX Font Info:    Overwriting math alphabet `\mathtt' in version `bold'
(Font)                  OT1/cmtt/m/n --> OT1/cmtt/m/n on input line 29.
LaTeX Font Info:    Overwriting symbol font `numbers' in version `bold'
(Font)                  OT1/cmss/m/n --> OT1/cmss/b/n on input line 29.
LaTeX Font Info:    Overwriting symbol font `pureletters' in version `bold'
(Font)                  OT1/cmss/m/it --> OT1/cmss/b/it on input line 29.
LaTeX Font Info:    Overwriting math alphabet `\mathrm' in version `bold'
(Font)                  OT1/cmss/b/n --> OT1/cmr/b/n on input line 29.
LaTeX Font Info:    Overwriting math alphabet `\mathbf' in version `bold'
(Font)                  OT1/cmss/b/n --> OT1/cmss/b/n on input line 29.
LaTeX Font Info:    Overwriting math alphabet `\mathsf' in version `bold'
(Font)                  OT1/cmss/m/n --> OT1/cmss/b/n on input line 29.
LaTeX Font Info:    Overwriting math alphabet `\mathit' in version `bold'
(Font)                  OT1/cmss/m/it --> OT1/cmss/b/it on input line 29.
LaTeX Font Info:    Overwriting math alphabet `\mathtt' in version `bold'
(Font)                  OT1/cmtt/m/n --> OT1/cmtt/b/n on input line 29.
LaTeX Font Info:    Redeclaring symbol font `pureletters' on input line 29.
LaTeX Font Info:    Overwriting symbol font `pureletters' in version `normal'
(Font)                  OT1/cmss/m/it --> OT1/mathkerncmss/m/sl on input line 29.
LaTeX Font Info:    Overwriting symbol font `pureletters' in version `bold'
(Font)                  OT1/cmss/b/it --> OT1/mathkerncmss/m/sl on input line 29.
LaTeX Font Info:    Overwriting symbol font `pureletters' in version `bold'
(Font)                  OT1/mathkerncmss/m/sl --> OT1/mathkerncmss/bx/sl on input line 29.
 (C:\Users\georg\AppData\Roaming\MiKTeX\2.9\tex/latex/translator\translator-basic-dictionary-English.dict
Dictionary: translator-basic-dictionary, Language: English 
) (C:\Users\georg\AppData\Roaming\MiKTeX\2.9\tex/latex/translator\translator-bibliography-dictionary-English.dict
Dictionary: translator-bibliography-dictionary, Language: English 
) (C:\Users\georg\AppData\Roaming\MiKTeX\2.9\tex/latex/translator\translator-environment-dictionary-English.dict
Dictionary: translator-environment-dictionary, Language: English 
) (C:\Users\georg\AppData\Roaming\MiKTeX\2.9\tex/latex/translator\translator-months-dictionary-English.dict
Dictionary: translator-months-dictionary, Language: English 
) (C:\Users\georg\AppData\Roaming\MiKTeX\2.9\tex/latex/translator\translator-numbers-dictionary-English.dict
Dictionary: translator-numbers-dictionary, Language: English 
) (C:\Users\georg\AppData\Roaming\MiKTeX\2.9\tex/latex/translator\translator-theorem-dictionary-English.dict
Dictionary: translator-theorem-dictionary, Language: English 
)
Package caption Info: Begin \AtBeginDocument code.
Package caption Info: End \AtBeginDocument code.
Package biblatex Info: Trying to load language 'english'...
Package biblatex Info: ... file 'english.lbx' found.
 (C:\Users\georg\AppData\Roaming\MiKTeX\2.9\tex/latex/biblatex/lbx\english.lbx
File: english.lbx 2024/03/21 v3.20 biblatex localization (PK/MW)
)
Package biblatex Info: Input encoding 'utf8' detected.
Package biblatex Info: Automatic encoding selection.
(biblatex)             Assuming data encoding 'utf8'.
\openout5 = `comp.bcf'.

Package biblatex Info: Trying to load bibliographic data...
Package biblatex Info: ... file 'comp.bbl' found.
 (comp.bbl)
Package biblatex Info: Reference section=0 on input line 29.
Package biblatex Info: Reference segment=0 on input line 29.
 (comp.nav)
Overfull \vbox (44.55656pt too high) detected at line 32
 []



[1

{C:/Users/georg/AppData/Local/MiKTeX/2.9/fonts/map/pdftex/pdftex.map}] (comp.toc)

[2

] (comp.toc)

[3

]
LaTeX Font Info:    Trying to load font information for TS1+cmss on input line 58.
 (C:\Users\georg\AppData\Roaming\MiKTeX\2.9\tex/latex/base\ts1cmss.fd
File: ts1cmss.fd 2023/04/13 v2.5m Standard LaTeX font definitions
)
<brains.png, id=47, 853.1875pt x 631.35875pt>
File: brains.png Graphic file (type png)
<use brains.png>
Package pdftex.def Info: brains.png  used on input line 58.
(pdftex.def)             Requested size: 245.83282pt x 181.91403pt.

Overfull \vbox (34.30038pt too high) detected at line 58
 []



[4

 <./brains.png (PNG copy)>]
<weatherstation.png, id=54, 2766.335pt x 1836.8625pt>
File: weatherstation.png Graphic file (type png)
<use weatherstation.png>
Package pdftex.def Info: weatherstation.png  used on input line 58.
(pdftex.def)             Requested size: 245.83282pt x 163.20837pt.

Overfull \vbox (15.59473pt too high) detected at line 58
 []



[5

 <./weatherstation.png (PNG copy)>]
LaTeX Font Info:    Trying to load font information for U+msa on input line 67.
 (C:\Users\georg\AppData\Roaming\MiKTeX\2.9\tex/latex/amsfonts\umsa.fd
File: umsa.fd 2013/01/14 v3.01 AMS symbols A
)
LaTeX Font Info:    Trying to load font information for U+msb on input line 67.
 (C:\Users\georg\AppData\Roaming\MiKTeX\2.9\tex/latex/amsfonts\umsb.fd
File: umsb.fd 2013/01/14 v3.01 AMS symbols B
)
LaTeX Font Info:    Trying to load font information for U+rsfs on input line 67.
 (C:\Users\georg\AppData\Roaming\MiKTeX\2.9\tex/latex/jknappen\ursfs.fd
File: ursfs.fd 1998/03/24 rsfs font definition file (jk)
)
LaTeX Font Info:    Trying to load font information for OT1+mathkerncmss on input line 67.
 (C:\Users\georg\AppData\Roaming\MiKTeX\2.9\tex/latex/sansmathaccent\ot1mathkerncmss.fd
File: ot1mathkerncmss.fd 2020/01/31 Fontinst v1.933 font definitions for OT1/mathkerncmss.
)

[6

]
<datatograph.png, id=71, 1089.8316pt x 242.3454pt>
File: datatograph.png Graphic file (type png)
<use datatograph.png>
Package pdftex.def Info: datatograph.png  used on input line 82.
(pdftex.def)             Requested size: 307.28987pt x 68.32957pt.


[7

 <./datatograph.png>] (comp.toc)

[8

]

[9

]
<reeb.png, id=97, 1644.1425pt x 1002.74625pt>
File: reeb.png Graphic file (type png)
<use reeb.png>
Package pdftex.def Info: reeb.png  used on input line 100.
(pdftex.def)             Requested size: 338.02072pt x 206.14574pt.

Overfull \hbox (13.65903pt too wide) in paragraph at lines 100--100
 | [] 
 []


Overfull \vbox (18.03975pt too high) detected at line 100
 []



[10

 <./reeb.png>]

[11

]

[12

]
<pointcloud.png, id=116, 1926.19624pt x 1003.75pt>
File: pointcloud.png Graphic file (type png)
<use pointcloud.png>
Package pdftex.def Info: pointcloud.png  used on input line 134.
(pdftex.def)             Requested size: 307.28987pt x 160.12848pt.


[13

 <./pointcloud.png>]
<filteredposterdata.png, id=124, 1002.74625pt x 1058.95625pt>
File: filteredposterdata.png Graphic file (type png)
<use filteredposterdata.png>
Package pdftex.def Info: filteredposterdata.png  used on input line 148.
(pdftex.def)             Requested size: 307.28987pt x 324.50815pt.

Overfull \vbox (23.08212pt too high) detected at line 148
 []



[14

 <./filteredposterdata.png>]
<bins.png, id=131, 672.5928pt x 237.5274pt>
File: bins.png Graphic file (type png)
<use bins.png>
Package pdftex.def Info: bins.png  used on input line 148.
(pdftex.def)             Requested size: 307.28987pt x 108.52455pt.


[15

 <./bins.png>]
<posterdataclusters.png, id=138, 672.5928pt x 237.5274pt>
File: posterdataclusters.png Graphic file (type png)
<use posterdataclusters.png>
Package pdftex.def Info: posterdataclusters.png  used on input line 156.
(pdftex.def)             Requested size: 307.28987pt x 108.52455pt.


[16

 <./posterdataclusters.png>]
<intersectposterdata.png, id=145, 463.9734pt x 257.763pt>
File: intersectposterdata.png Graphic file (type png)
<use intersectposterdata.png>
Package pdftex.def Info: intersectposterdata.png  used on input line 164.
(pdftex.def)             Requested size: 245.83282pt x 136.5744pt.


[17

 <./intersectposterdata.png>]
<postermapper.png, id=152, 366.168pt x 238.9728pt>
File: postermapper.png Graphic file (type png)
<use postermapper.png>
Package pdftex.def Info: postermapper.png  used on input line 172.
(pdftex.def)             Requested size: 245.83282pt x 160.44275pt.


[18

 <./postermapper.png>]
File: datatograph.png Graphic file (type png)
<use datatograph.png>
Package pdftex.def Info: datatograph.png  used on input line 185.
(pdftex.def)             Requested size: 307.28987pt x 68.32957pt.


[19

]
<threeclusters.png, id=165, 133.4586pt x 114.1866pt>
File: threeclusters.png Graphic file (type png)
<use threeclusters.png>
Package pdftex.def Info: threeclusters.png  used on input line 200.
(pdftex.def)             Requested size: 153.64493pt x 131.46165pt.

Overfull \vbox (19.99454pt too high) detected at line 200
 []



[20

 <./threeclusters.png>]

[21

]
<cluster0.png, id=179, 115.1502pt x 104.0688pt>
File: cluster0.png Graphic file (type png)
<use cluster0.png>
Package pdftex.def Info: cluster0.png  used on input line 237.
(pdftex.def)             Requested size: 107.55333pt x 97.20378pt.
<eightdend.png, id=180, 86.724pt x 8.1906pt>
File: eightdend.png Graphic file (type png)
<use eightdend.png>
Package pdftex.def Info: eightdend.png  used on input line 237.
(pdftex.def)             Requested size: 122.91406pt x 11.60909pt.

Overfull \vbox (9.73473pt too high) detected at line 237
 []



[22

 <./cluster0.png> <./eightdend.png>]
<sevenclusters.png, id=189, 124.3044pt x 114.1866pt>
File: sevenclusters.png Graphic file (type png)
<use sevenclusters.png>
Package pdftex.def Info: sevenclusters.png  used on input line 328.
(pdftex.def)             Requested size: 107.55333pt x 98.80315pt.
<sevendend.png, id=190, 86.724pt x 15.4176pt>
File: sevendend.png Graphic file (type png)
<use sevendend.png>
Package pdftex.def Info: sevendend.png  used on input line 328.
(pdftex.def)             Requested size: 122.91406pt x 21.85242pt.

Overfull \vbox (21.16296pt too high) detected at line 328
 []



[23

 <./sevenclusters.png> <./sevendend.png>]
<sixclusters.png, id=198, 124.3044pt x 114.1866pt>
File: sixclusters.png Graphic file (type png)
<use sixclusters.png>
Package pdftex.def Info: sixclusters.png  used on input line 328.
(pdftex.def)             Requested size: 107.5498pt x 98.80139pt.

Overfull \hbox (46.09277pt too wide) in paragraph at lines 328--328
 [][] 
 []

<sixdend.png, id=199, 86.724pt x 22.6446pt>
File: sixdend.png Graphic file (type png)
<use sixdend.png>
Package pdftex.def Info: sixdend.png  used on input line 328.
(pdftex.def)             Requested size: 138.2795pt x 36.1084pt.


[24

 <./sixclusters.png> <./sixdend.png>]
<fiveclusters.png, id=207, 134.4222pt x 114.1866pt>
File: fiveclusters.png Graphic file (type png)
<use fiveclusters.png>
Package pdftex.def Info: fiveclusters.png  used on input line 328.
(pdftex.def)             Requested size: 107.5498pt x 91.36333pt.

Overfull \hbox (46.09277pt too wide) in paragraph at lines 328--328
 [][] 
 []

<fivedend.png, id=208, 86.724pt x 29.8716pt>
File: fivedend.png Graphic file (type png)
<use fivedend.png>
Package pdftex.def Info: fivedend.png  used on input line 328.
(pdftex.def)             Requested size: 138.2795pt x 47.63232pt.


[25

 <./fiveclusters.png> <./fivedend.png>]
<fourclusters.png, id=217, 132.495pt x 114.1866pt>
File: fourclusters.png Graphic file (type png)
<use fourclusters.png>
Package pdftex.def Info: fourclusters.png  used on input line 328.
(pdftex.def)             Requested size: 107.5498pt x 92.68925pt.

Overfull \hbox (46.09277pt too wide) in paragraph at lines 328--328
 [][] 
 []

<fourdend.png, id=218, 86.724pt x 37.0986pt>
File: fourdend.png Graphic file (type png)
<use fourdend.png>
Package pdftex.def Info: fourdend.png  used on input line 328.
(pdftex.def)             Requested size: 138.2795pt x 59.15628pt.


[26

 <./fourclusters.png> <./fourdend.png>]
File: threeclusters.png Graphic file (type png)
<use threeclusters.png>
Package pdftex.def Info: threeclusters.png  used on input line 328.
(pdftex.def)             Requested size: 107.5498pt x 92.02193pt.

Overfull \hbox (46.09277pt too wide) in paragraph at lines 328--328
 [][] 
 []

<threedend.png, id=226, 86.724pt x 44.3256pt>
File: threedend.png Graphic file (type png)
<use threedend.png>
Package pdftex.def Info: threedend.png  used on input line 328.
(pdftex.def)             Requested size: 138.2795pt x 70.68025pt.


[27

 <./threedend.png>]
<twoclusters.png, id=233, 148.8762pt x 124.3044pt>
File: twoclusters.png Graphic file (type png)
<use twoclusters.png>
Package pdftex.def Info: twoclusters.png  used on input line 328.
(pdftex.def)             Requested size: 134.4393pt x 112.25035pt.

Overfull \hbox (57.61684pt too wide) in paragraph at lines 328--328
 [][] 
 []

<twodend.png, id=234, 87.2058pt x 94.4328pt>
File: twodend.png Graphic file (type png)
<use twodend.png>
Package pdftex.def Info: twodend.png  used on input line 328.
(pdftex.def)             Requested size: 122.9164pt x 133.10558pt.


[28

 <./twoclusters.png> <./twodend.png>]
<onecluster.png, id=242, 145.0218pt x 145.0218pt>
File: onecluster.png Graphic file (type png)
<use onecluster.png>
Package pdftex.def Info: onecluster.png  used on input line 328.
(pdftex.def)             Requested size: 134.4393pt x 134.444pt.

Overfull \hbox (57.61684pt too wide) in paragraph at lines 328--328
 [][] 
 []

<onedend.png, id=243, 87.2058pt x 151.767pt>
File: onedend.png Graphic file (type png)
<use onedend.png>
Package pdftex.def Info: onedend.png  used on input line 328.
(pdftex.def)             Requested size: 92.18555pt x 160.43687pt.

Overfull \vbox (12.58574pt too high) detected at line 328
 []



[29

 <./onecluster.png> <./onedend.png>]

[30

]

[31

]
<ballcover.png, id=266, 461.0826pt x 262.0992pt>
File: ballcover.png Graphic file (type png)
<use ballcover.png>
Package pdftex.def Info: ballcover.png  used on input line 371.
(pdftex.def)             Requested size: 307.28987pt x 174.6817pt.

Overfull \vbox (10.81981pt too high) detected at line 371
 []



[32

 <./ballcover.png>]
<ballmapperposter.png, id=273, 441.3288pt x 308.352pt>
File: ballmapperposter.png Graphic file (type png)
<use ballmapperposter.png>
Package pdftex.def Info: ballmapperposter.png  used on input line 379.
(pdftex.def)             Requested size: 307.28987pt x 214.7063pt.

Overfull \vbox (10.96039pt too high) detected at line 379
 []



[33

 <./ballmapperposter.png>]
<ballmapperarrow.png, id=280, 1237.2624pt x 308.352pt>
File: ballmapperarrow.png Graphic file (type png)
<use ballmapperarrow.png>
Package pdftex.def Info: ballmapperarrow.png  used on input line 392.
(pdftex.def)             Requested size: 307.28987pt x 76.57965pt.


[34

 <./ballmapperarrow.png>]

[35

]

[36

]
<prerefined.png, id=297, 1109.1036pt x 286.671pt>
File: prerefined.png Graphic file (type png)
<use prerefined.png>
Package pdftex.def Info: prerefined.png  used on input line 425.
(pdftex.def)             Requested size: 307.28987pt x 79.4231pt.


[37

 <./prerefined.png>]
<ballclustering.png, id=305, 1120.6668pt x 611.4042pt>
File: ballclustering.png Graphic file (type png)
<use ballclustering.png>
Package pdftex.def Info: ballclustering.png  used on input line 433.
(pdftex.def)             Requested size: 338.02072pt x 184.41158pt.

Overfull \hbox (16.50449pt too wide) in paragraph at lines 433--433
 | [] 
 []



[38

 <./ballclustering.png>]
<intersectingballs.png, id=312, 552.6246pt x 285.2256pt>
File: intersectingballs.png Graphic file (type png)
<use intersectingballs.png>
Package pdftex.def Info: intersectingballs.png  used on input line 441.
(pdftex.def)             Requested size: 307.28987pt x 158.60672pt.


[39

 <./intersectingballs.png>]
<rballmapper.png, id=319, 418.6842pt x 171.039pt>
File: rballmapper.png Graphic file (type png)
<use rballmapper.png>
Package pdftex.def Info: rballmapper.png  used on input line 449.
(pdftex.def)             Requested size: 307.28987pt x 125.53859pt.


[40

 <./rballmapper.png>]
<rbmarrow.png, id=326, 1307.1234pt x 286.671pt>
File: rbmarrow.png Graphic file (type png)
<use rbmarrow.png>
Package pdftex.def Info: rbmarrow.png  used on input line 462.
(pdftex.def)             Requested size: 307.28987pt x 67.39394pt.


[41

 <./rbmarrow.png>] (comp.toc)

[42

]
<cytoyeast.png, id=343, 1927.2pt x 1053.9375pt>
File: cytoyeast.png Graphic file (type png)
<use cytoyeast.png>
Package pdftex.def Info: cytoyeast.png  used on input line 475.
(pdftex.def)             Requested size: 307.28987pt x 168.03842pt.

Overfull \vbox (19.81645pt too high) detected at line 475
 []



[43

 <./cytoyeast.png>]
<nodetable.png, id=351, 707.64375pt x 192.72pt>
File: nodetable.png Graphic file (type png)
<use nodetable.png>
Package pdftex.def Info: nodetable.png  used on input line 488.
(pdftex.def)             Requested size: 307.28987pt x 83.68842pt.


[44

 <./nodetable.png>]
<nodestyling.png, id=359, 610.9224pt x 262.0992pt>
File: nodestyling.png Graphic file (type png)
<use nodestyling.png>
Package pdftex.def Info: nodestyling.png  used on input line 501.
(pdftex.def)             Requested size: 307.28987pt x 131.83713pt.


[45

 <./nodestyling.png>]
<edgestyling.png, id=366, 1144.275pt x 258.2448pt>
File: edgestyling.png Graphic file (type png)
<use edgestyling.png>
Package pdftex.def Info: edgestyling.png  used on input line 513.
(pdftex.def)             Requested size: 322.65529pt x 72.81636pt.

Overfull \hbox (15.36542pt too wide) in paragraph at lines 513--513
 [] 
 []



[46

 <./edgestyling.png>]
<cytofilter.png, id=373, 339.51843pt x 246.9225pt>
File: cytofilter.png Graphic file (type png)
<use cytofilter.png>
Package pdftex.def Info: cytofilter.png  used on input line 530.
(pdftex.def)             Requested size: 199.73653pt x 145.261pt.

Overfull \vbox (21.56721pt too high) detected at line 530
 []



[47

 <./cytofilter.png>]

[48

] (comp.toc)

[49

]
<rna.png, id=396, 220.825pt x 407.5225pt>
File: rna.png Graphic file (type png)
<use rna.png>
Package pdftex.def Info: rna.png  used on input line 554.
(pdftex.def)             Requested size: 92.1879pt x 170.12604pt.

Overfull \vbox (19.7749pt too high) detected at line 554
 []



[50

 <./rna.png (PNG copy)>]
<rnadna.png, id=402, 1376.14125pt x 1101.11375pt>
File: rnadna.png Graphic file (type png)
<use rnadna.png>
Package pdftex.def Info: rnadna.png  used on input line 562.
(pdftex.def)             Requested size: 307.28987pt x 245.87492pt.

Overfull \vbox (42.12901pt too high) detected at line 562
 []



[51

 <./rnadna.png>]
<aptamer.png, id=409, 426.59375pt x 170.6375pt>
File: aptamer.png Graphic file (type png)
<use aptamer.png>
Package pdftex.def Info: aptamer.png  used on input line 576.
(pdftex.def)             Requested size: 307.28987pt x 122.92398pt.

Overfull \hbox (21.90005pt too wide) in paragraph at lines 576--576
 [] 
 []



[52

 <./aptamer.png (PNG copy)>]

[53

]

[54

]
<aptamers.png, id=426, 1196.3094pt x 544.9158pt>
File: aptamers.png Graphic file (type png)
<use aptamers.png>
Package pdftex.def Info: aptamers.png  used on input line 609.
(pdftex.def)             Requested size: 353.38147pt x 160.96495pt.

Overfull \hbox (24.75204pt too wide) in paragraph at lines 609--609
 | [] 
 []



[55

 <./aptamers.png>]

[56

]
<bigmapptamer.png, id=439, 1037.37563pt x 648.92438pt>
File: bigmapptamer.png Graphic file (type png)
<use bigmapptamer.png>
Package pdftex.def Info: bigmapptamer.png  used on input line 627.
(pdftex.def)             Requested size: 307.28987pt x 192.22318pt.


[57

 <./bigmapptamer.png>]
<prunedmapptamer.png, id=446, 922.19531pt x 662.475pt>
File: prunedmapptamer.png Graphic file (type png)
<use prunedmapptamer.png>
Package pdftex.def Info: prunedmapptamer.png  used on input line 635.
(pdftex.def)             Requested size: 307.28987pt x 220.74022pt.

Overfull \vbox (16.99431pt too high) detected at line 635
 []



[58

 <./prunedmapptamer.png>] (comp.toc)

[59

]
<tdaclusters.png, id=464, 1084.80281pt x 302.63063pt>
File: tdaclusters.png Graphic file (type png)
<use tdaclusters.png>
Package pdftex.def Info: tdaclusters.png  used on input line 654.
(pdftex.def)             Requested size: 307.28987pt x 85.7242pt.

Overfull \vbox (24.60167pt too high) detected at line 654
 []



[60

 <./tdaclusters.png>]
<graphhomo.png, id=472, 3890.535pt x 1003.75pt>
File: graphhomo.png Graphic file (type png)
<use graphhomo.png>
Package pdftex.def Info: graphhomo.png  used on input line 667.
(pdftex.def)             Requested size: 307.28987pt x 79.27547pt.


[61

 <./graphhomo.png>]

[62

]
<graphcore.png, id=485, 1565.85pt x 1003.75pt>
File: graphcore.png Graphic file (type png)
<use graphcore.png>
Package pdftex.def Info: graphcore.png  used on input line 694.
(pdftex.def)             Requested size: 322.65529pt x 206.82689pt.

Overfull \hbox (9.26285pt too wide) in paragraph at lines 694--694
 |  [] 
 []


Overfull \vbox (0.88896pt too high) detected at line 694
 []



[63

 <./graphcore.png>]
<graphcoreinclusion.png, id=492, 1551.7975pt x 1003.75pt>
File: graphcoreinclusion.png Graphic file (type png)
<use graphcoreinclusion.png>
Package pdftex.def Info: graphcoreinclusion.png  used on input line 694.
(pdftex.def)             Requested size: 322.65529pt x 208.69543pt.

Overfull \hbox (11.69618pt too wide) in paragraph at lines 694--694
 |   [] 
 []


Overfull \vbox (2.7575pt too high) detected at line 694
 []



[64

 <./graphcoreinclusion.png>]
<graphcorefull.png, id=499, 1437.37pt x 1003.75pt>
File: graphcorefull.png Graphic file (type png)
<use graphcorefull.png>
Package pdftex.def Info: graphcorefull.png  used on input line 694.
(pdftex.def)             Requested size: 322.65529pt x 225.31326pt.

Overfull \hbox (9.26285pt too wide) in paragraph at lines 694--694
 |  [] 
 []


Overfull \vbox (19.37534pt too high) detected at line 694
 []



[65

 <./graphcorefull.png>]

[66

]

[67

]

[68

]

[69

]

[70

]

LaTeX Font Warning: Font shape `OT1/cmss/bx/it' undefined
(Font)              using `OT1/cmss/bx/n' instead on input line 719.


LaTeX Font Warning: Font shape `OT1/cmss/m/sc' in size <10> not available
(Font)              Font shape `OT1/cmr/m/sc' tried instead on input line 719.



[71

]
\tf@nav=\write6
\openout6 = `comp.nav'.

\tf@toc=\write7
\openout7 = `comp.toc'.

\tf@snm=\write8
\openout8 = `comp.snm'.

 (comp.aux)
 ***********
LaTeX2e <2024-06-01> patch level 2
L3 programming layer <2024-07-20>
 ***********


LaTeX Font Warning: Some font shapes were not available, defaults substituted.


LaTeX Warning: There were undefined references.


Package biblatex Warning: Please rerun LaTeX.

Package logreq Info: Writing requests to 'comp.run.xml'.
\openout1 = `comp.run.xml'.

 ) 
Here is how much of TeX's memory you used:
 34857 strings out of 475831
 703199 string characters out of 5777600
 1935960 words of memory out of 5000000
 56720 multiletter control sequences out of 15000+600000
 574714 words of font info for 98 fonts, out of 8000000 for 9000
 0 hyphenation exceptions out of 8191
 128i,13n,123p,1952b,1547s stack positions out of 10000i,1000n,20000p,200000b,200000s
 <C:\Users\georg\AppData\Local\MiKTeX\2.9\fonts/pk/ljfour/jknappen/ec/dpi600\tcss1000.pk> <C:\Users\georg\AppData\Local\MiKTeX\2.9\fonts/pk/ljfour/jknappen/ec/dpi600\tcss1095.pk><C:/Users/georg/AppData/Roaming/MiKTeX/2.9/fonts/type1/public/amsfonts/cm/cmcsc10.pfb><C:/Users/georg/AppData/Roaming/MiKTeX/2.9/fonts/type1/public/amsfonts/cm/cmex10.pfb><C:/Users/georg/AppData/Roaming/MiKTeX/2.9/fonts/type1/public/amsfonts/cm/cmmi10.pfb><C:/Users/georg/AppData/Roaming/MiKTeX/2.9/fonts/type1/public/amsfonts/cm/cmmi7.pfb><C:/Users/georg/AppData/Roaming/MiKTeX/2.9/fonts/type1/public/amsfonts/cm/cmmi8.pfb><C:/Users/georg/AppData/Roaming/MiKTeX/2.9/fonts/type1/public/amsfonts/cm/cmss10.pfb><C:/Users/georg/AppData/Roaming/MiKTeX/2.9/fonts/type1/public/amsfonts/cm/cmss8.pfb><C:/Users/georg/AppData/Roaming/MiKTeX/2.9/fonts/type1/public/amsfonts/cm/cmss9.pfb><C:/Users/georg/AppData/Roaming/MiKTeX/2.9/fonts/type1/public/amsfonts/cm/cmssbx10.pfb><C:/Users/georg/AppData/Roaming/MiKTeX/2.9/fonts/type1/public/amsfonts/cm/cmssi10.pfb><C:/Users/georg/AppData/Roaming/MiKTeX/2.9/fonts/type1/public/amsfonts/cm/cmssi8.pfb><C:/Users/georg/AppData/Roaming/MiKTeX/2.9/fonts/type1/public/amsfonts/cm/cmsy10.pfb><C:/Users/georg/AppData/Roaming/MiKTeX/2.9/fonts/type1/public/amsfonts/cm/cmsy7.pfb><C:/Users/georg/AppData/Roaming/MiKTeX/2.9/fonts/type1/public/amsfonts/cm/cmsy8.pfb><C:/Users/georg/AppData/Roaming/MiKTeX/2.9/fonts/type1/public/amsfonts/cm/cmtt10.pfb><C:/Users/georg/AppData/Roaming/MiKTeX/2.9/fonts/type1/public/amsfonts/symbols/msbm10.pfb><C:/Users/georg/AppData/Roaming/MiKTeX/2.9/fonts/type1/public/rsfs/rsfs10.pfb>
Output written on comp.pdf (71 pages, 15839079 bytes).
PDF statistics:
 686 PDF objects out of 1000 (max. 8388607)
 469 compressed objects within 5 object streams
 153 named destinations out of 1000 (max. 500000)
 349 words of extra memory for PDF output out of 10000 (max. 10000000)

